<?xml version="1.0" encoding="UTF-8"?>
<coverage generated="1754626268651" clover="3.2.0">
  <project timestamp="1754626268651" name="All files">
    <metrics statements="11" coveredstatements="11" conditionals="4" coveredconditionals="4" methods="4" coveredmethods="4" elements="19" coveredelements="19" complexity="0" loc="11" ncloc="11" packages="1" files="1" classes="1"/>
    <file name="validation.ts" path="D:\GoWork\Health-Medicine-E-Station\uni_app\src\utils\validation.ts">
      <metrics statements="11" coveredstatements="11" conditionals="4" coveredconditionals="4" methods="4" coveredmethods="4"/>
      <line num="10" count="1" type="stmt"/>
      <line num="12" count="22" type="stmt"/>
      <line num="13" count="22" type="stmt"/>
      <line num="21" count="1" type="stmt"/>
      <line num="23" count="14" type="stmt"/>
      <line num="24" count="14" type="stmt"/>
      <line num="32" count="1" type="stmt"/>
      <line num="33" count="8" type="cond" truecount="2" falsecount="0"/>
      <line num="43" count="1" type="stmt"/>
      <line num="44" count="7" type="stmt"/>
      <line num="45" count="7" type="cond" truecount="2" falsecount="0"/>
    </file>
  </project>
</coverage>
