{"D:\\GoWork\\Health-Medicine-E-Station\\uni_app\\src\\utils\\validation.ts": {"path":"D:\\GoWork\\Health-Medicine-E-Station\\uni_app\\src\\utils\\validation.ts","statementMap":{"0":{"start":{"line":10,"column":35},"end":{"line":14,"column":1}},"1":{"start":{"line":12,"column":21},"end":{"line":12,"column":36}},"2":{"start":{"line":13,"column":2},"end":{"line":13,"column":38}},"3":{"start":{"line":10,"column":13},"end":{"line":10,"column":35}},"4":{"start":{"line":21,"column":40},"end":{"line":25,"column":1}},"5":{"start":{"line":23,"column":20},"end":{"line":23,"column":31}},"6":{"start":{"line":24,"column":2},"end":{"line":24,"column":30}},"7":{"start":{"line":21,"column":13},"end":{"line":21,"column":40}},"8":{"start":{"line":32,"column":23},"end":{"line":34,"column":1}},"9":{"start":{"line":33,"column":2},"end":{"line":33,"column":45}},"10":{"start":{"line":32,"column":13},"end":{"line":32,"column":23}},"11":{"start":{"line":43,"column":30},"end":{"line":46,"column":1}},"12":{"start":{"line":44,"column":17},"end":{"line":44,"column":36}},"13":{"start":{"line":45,"column":2},"end":{"line":45,"column":40}},"14":{"start":{"line":43,"column":13},"end":{"line":43,"column":30}}},"fnMap":{"0":{"name":"(anonymous_0)","decl":{"start":{"line":10,"column":35},"end":{"line":10,"column":36}},"loc":{"start":{"line":10,"column":68},"end":{"line":14,"column":1}}},"1":{"name":"(anonymous_1)","decl":{"start":{"line":21,"column":40},"end":{"line":21,"column":41}},"loc":{"start":{"line":21,"column":66},"end":{"line":25,"column":1}}},"2":{"name":"(anonymous_2)","decl":{"start":{"line":32,"column":23},"end":{"line":32,"column":24}},"loc":{"start":{"line":32,"column":50},"end":{"line":34,"column":1}}},"3":{"name":"(anonymous_3)","decl":{"start":{"line":43,"column":30},"end":{"line":43,"column":31}},"loc":{"start":{"line":43,"column":83},"end":{"line":46,"column":1}}}},"branchMap":{"0":{"loc":{"start":{"line":33,"column":9},"end":{"line":33,"column":44}},"type":"binary-expr","locations":[{"start":{"line":33,"column":9},"end":{"line":33,"column":15}},{"start":{"line":33,"column":19},"end":{"line":33,"column":44}}]},"1":{"loc":{"start":{"line":45,"column":9},"end":{"line":45,"column":39}},"type":"binary-expr","locations":[{"start":{"line":45,"column":9},"end":{"line":45,"column":22}},{"start":{"line":45,"column":26},"end":{"line":45,"column":39}}]}},"s":{"0":1,"1":22,"2":22,"3":1,"4":1,"5":14,"6":14,"7":1,"8":1,"9":8,"10":1,"11":1,"12":7,"13":7,"14":1},"f":{"0":22,"1":14,"2":8,"3":7},"b":{"0":[8,7],"1":[7,5]}}
}
